<?xml version="1.0" encoding="UTF-8"?>
<!-- Generated by org.testng.reporters.JUnitXMLReporter -->
<testsuite ignored="0" hostname="DESKTOP-CMKOKBU" failures="1" tests="3" name="Test" time="36.413" errors="0" timestamp="2023-03-06T20:35:11 IST">
  <testcase classname="movieDetailsValidation.WikipediaTest" name="wikiTest" time="9.04"/>
  <testcase classname="movieDetailsValidation.ImdbTest" name="mainExecution" time="18.191"/>
  <testcase classname="movieDetailsValidation.ValidateTest" name="validateTest" time="0.258">
    <failure type="java.lang.AssertionError" message="expected [December 17, 2021 (United States)] but found [17 December 2021]">
      <![CDATA[java.lang.AssertionError: expected [December 17, 2021 (United States)] but found [17 December 2021]
at movieDetailsValidation.ValidateTest.validateTest(ValidateTest.java:26)
at java.base/java.util.ArrayList.forEach(ArrayList.java:1511)
... Removed 33 stack frames]]>
    </failure>
  </testcase> <!-- validateTest -->
</testsuite> <!-- Test -->
