<?xml version="1.0" encoding="UTF-8"?>
<testng-results ignored="0" total="3" passed="2" failed="1" skipped="0">
  <reporter-output>
  </reporter-output>
  <suite started-at="2023-02-22T09:46:07 IST" name="Suite" finished-at="2023-02-22T09:46:56 IST" duration-ms="48837">
    <groups>
    </groups>
    <test started-at="2023-02-22T09:46:07 IST" name="Test" finished-at="2023-02-22T09:46:56 IST" duration-ms="48837">
      <class name="movieDetailsValidation.ImdbTest">
        <test-method is-config="true" signature="launchBrowser()[pri:0, instance:movieDetailsValidation.ImdbTest@4d465b11]" started-at="2023-02-22T09:46:28 IST" name="launchBrowser" finished-at="2023-02-22T09:46:30 IST" duration-ms="1547" status="PASS">
          <reporter-output>
          </reporter-output>
        </test-method> <!-- launchBrowser -->
        <test-method is-config="true" signature="openApplication()[pri:0, instance:movieDetailsValidation.ImdbTest@4d465b11]" started-at="2023-02-22T09:46:30 IST" name="openApplication" finished-at="2023-02-22T09:46:33 IST" duration-ms="3824" status="PASS">
          <reporter-output>
          </reporter-output>
        </test-method> <!-- openApplication -->
        <test-method signature="mainExecution()[pri:0, instance:movieDetailsValidation.ImdbTest@4d465b11]" started-at="2023-02-22T09:46:33 IST" name="mainExecution" finished-at="2023-02-22T09:46:55 IST" duration-ms="21893" status="PASS">
          <reporter-output>
          </reporter-output>
        </test-method> <!-- mainExecution -->
        <test-method is-config="true" signature="closeBrowser()[pri:0, instance:movieDetailsValidation.ImdbTest@4d465b11]" started-at="2023-02-22T09:46:55 IST" name="closeBrowser" finished-at="2023-02-22T09:46:56 IST" duration-ms="449" status="PASS">
          <reporter-output>
          </reporter-output>
        </test-method> <!-- closeBrowser -->
        <test-method is-config="true" signature="closeApplication()[pri:0, instance:movieDetailsValidation.ImdbTest@4d465b11]" started-at="2023-02-22T09:46:55 IST" name="closeApplication" finished-at="2023-02-22T09:46:55 IST" duration-ms="0" status="PASS">
          <reporter-output>
          </reporter-output>
        </test-method> <!-- closeApplication -->
      </class> <!-- movieDetailsValidation.ImdbTest -->
      <class name="movieDetailsValidation.WikipediaTest">
        <test-method is-config="true" signature="launchBrowser()[pri:0, instance:movieDetailsValidation.WikipediaTest@5fbdfdcf]" started-at="2023-02-22T09:46:07 IST" name="launchBrowser" finished-at="2023-02-22T09:46:10 IST" duration-ms="2998" status="PASS">
          <reporter-output>
          </reporter-output>
        </test-method> <!-- launchBrowser -->
        <test-method is-config="true" signature="openApplication()[pri:0, instance:movieDetailsValidation.WikipediaTest@5fbdfdcf]" started-at="2023-02-22T09:46:10 IST" name="openApplication" finished-at="2023-02-22T09:46:14 IST" duration-ms="4247" status="PASS">
          <reporter-output>
          </reporter-output>
        </test-method> <!-- openApplication -->
        <test-method signature="wikiTest()[pri:0, instance:movieDetailsValidation.WikipediaTest@5fbdfdcf]" started-at="2023-02-22T09:46:14 IST" name="wikiTest" finished-at="2023-02-22T09:46:28 IST" duration-ms="13271" status="PASS">
          <reporter-output>
          </reporter-output>
        </test-method> <!-- wikiTest -->
        <test-method is-config="true" signature="closeApplication()[pri:0, instance:movieDetailsValidation.WikipediaTest@5fbdfdcf]" started-at="2023-02-22T09:46:28 IST" name="closeApplication" finished-at="2023-02-22T09:46:28 IST" duration-ms="0" status="PASS">
          <reporter-output>
          </reporter-output>
        </test-method> <!-- closeApplication -->
        <test-method is-config="true" signature="closeBrowser()[pri:0, instance:movieDetailsValidation.WikipediaTest@5fbdfdcf]" started-at="2023-02-22T09:46:28 IST" name="closeBrowser" finished-at="2023-02-22T09:46:28 IST" duration-ms="416" status="PASS">
          <reporter-output>
          </reporter-output>
        </test-method> <!-- closeBrowser -->
      </class> <!-- movieDetailsValidation.WikipediaTest -->
      <class name="movieDetailsValidation.ValidateTest">
        <test-method signature="validateTest()[pri:0, instance:movieDetailsValidation.ValidateTest@53fdffa1]" started-at="2023-02-22T09:46:56 IST" name="validateTest" finished-at="2023-02-22T09:46:56 IST" duration-ms="102" status="FAIL">
          <exception class="java.lang.AssertionError">
            <message>
              <![CDATA[null]]>
            </message>
            <full-stacktrace>
              <![CDATA[java.lang.AssertionError: null
at org.testng.Assert.fail(Assert.java:99)
at org.testng.Assert.fail(Assert.java:106)
at com.GenricUtility.ExcelUtility.writeDataToExcel(ExcelUtility.java:54)
at movieDetailsValidation.ValidateTest.validateTest(ValidateTest.java:12)
at java.base/jdk.internal.reflect.NativeMethodAccessorImpl.invoke0(Native Method)
at java.base/jdk.internal.reflect.NativeMethodAccessorImpl.invoke(NativeMethodAccessorImpl.java:77)
at java.base/jdk.internal.reflect.DelegatingMethodAccessorImpl.invoke(DelegatingMethodAccessorImpl.java:43)
at java.base/java.lang.reflect.Method.invoke(Method.java:568)
at org.testng.internal.MethodInvocationHelper.invokeMethod(MethodInvocationHelper.java:133)
at org.testng.internal.TestInvoker.invokeMethod(TestInvoker.java:598)
at org.testng.internal.TestInvoker.invokeTestMethod(TestInvoker.java:173)
at org.testng.internal.MethodRunner.runInSequence(MethodRunner.java:46)
at org.testng.internal.TestInvoker$MethodInvocationAgent.invoke(TestInvoker.java:824)
at org.testng.internal.TestInvoker.invokeTestMethods(TestInvoker.java:146)
at org.testng.internal.TestMethodWorker.invokeTestMethods(TestMethodWorker.java:146)
at org.testng.internal.TestMethodWorker.run(TestMethodWorker.java:128)
at java.base/java.util.ArrayList.forEach(ArrayList.java:1511)
at org.testng.TestRunner.privateRun(TestRunner.java:794)
at org.testng.TestRunner.run(TestRunner.java:596)
at org.testng.SuiteRunner.runTest(SuiteRunner.java:377)
at org.testng.SuiteRunner.runSequentially(SuiteRunner.java:371)
at org.testng.SuiteRunner.privateRun(SuiteRunner.java:332)
at org.testng.SuiteRunner.run(SuiteRunner.java:276)
at org.testng.SuiteRunnerWorker.runSuite(SuiteRunnerWorker.java:53)
at org.testng.SuiteRunnerWorker.run(SuiteRunnerWorker.java:96)
at org.testng.TestNG.runSuitesSequentially(TestNG.java:1212)
at org.testng.TestNG.runSuitesLocally(TestNG.java:1134)
at org.testng.TestNG.runSuites(TestNG.java:1063)
at org.testng.TestNG.run(TestNG.java:1031)
at org.testng.remote.AbstractRemoteTestNG.run(AbstractRemoteTestNG.java:115)
at org.testng.remote.RemoteTestNG.initAndRun(RemoteTestNG.java:251)
at org.testng.remote.RemoteTestNG.main(RemoteTestNG.java:77)
]]>
            </full-stacktrace>
          </exception> <!-- java.lang.AssertionError -->
          <reporter-output>
          </reporter-output>
        </test-method> <!-- validateTest -->
      </class> <!-- movieDetailsValidation.ValidateTest -->
    </test> <!-- Test -->
  </suite> <!-- Suite -->
</testng-results>
